segway/build/outputs/logs/manifest-merger-debug-report.txt
-- Merging decision tree log ---
manifest
ADDED from src/main/AndroidManifest.xml:2:1-26:12
	package
		ADDED from src/main/AndroidManifest.xml:3:11-49
		INJECTED from src/main/AndroidManifest.xml
		INJECTED from src/main/AndroidManifest.xml
	android:versionName
		INJECTED from src/main/AndroidManifest.xml
		INJECTED from src/main/AndroidManifest.xml
	xmlns:android
		ADDED from src/main/AndroidManifest.xml:2:11-69
	android:versionCode
		INJECTED from src/main/AndroidManifest.xml
		INJECTED from src/main/AndroidManifest.xml
uses-permission#android.permission.INTERNET
ADDED from src/main/AndroidManifest.xml:5:5-66
MERGED from [com.segway.robot:robot-connectivity-sdk:0.5.18] AndroidManifest.xml:11:5-67
	android:name
		ADDED from src/main/AndroidManifest.xml:5:22-64
uses-permission#android.permission.ACCESS_NETWORK_STATE
ADDED from src/main/AndroidManifest.xml:6:5-78
MERGED from [com.segway.robot:robot-connectivity-sdk:0.5.18] AndroidManifest.xml:12:5-79
	android:name
		ADDED from src/main/AndroidManifest.xml:6:22-76
uses-permission#android.permission.ACCESS_WIFI_STATE
ADDED from src/main/AndroidManifest.xml:7:5-75
MERGED from [com.segway.robot:robot-connectivity-sdk:0.5.18] AndroidManifest.xml:13:5-76
	android:name
		ADDED from src/main/AndroidManifest.xml:7:22-73
uses-permission#android.permission.CHANGE_WIFI_STATE
ADDED from src/main/AndroidManifest.xml:8:5-75
MERGED from [com.segway.robot:robot-connectivity-sdk:0.5.18] AndroidManifest.xml:14:5-76
	android:name
		ADDED from src/main/AndroidManifest.xml:8:22-73
application
ADDED from src/main/AndroidManifest.xml:10:5-24:19
MERGED from [com.android.support:support-v4:22.1.1] AndroidManifest.xml:22:5-20
MERGED from [com.segway.robot:basic-class:0.5.38] AndroidManifest.xml:11:5-15:19
MERGED from [com.embarkmobile:zxing-android-minimal:2.0.0] AndroidManifest.xml:44:3-57:17
MERGED from [com.embarkmobile:zxing-android-integration:2.0.0] AndroidManifest.xml:4:5-5:19
	android:label
		ADDED from src/main/AndroidManifest.xml:13:9-41
	android:supportsRtl
		ADDED from src/main/AndroidManifest.xml:14:9-35
	android:allowBackup
		ADDED from src/main/AndroidManifest.xml:11:9-35
	android:icon
		ADDED from src/main/AndroidManifest.xml:12:9-43
activity#com.segway.robot.robotsample.MainActivity
ADDED from src/main/AndroidManifest.xml:15:9-22:20
	android:screenOrientation
		ADDED from src/main/AndroidManifest.xml:16:13-50
	android:name
		ADDED from src/main/AndroidManifest.xml:15:19-75
intent-filter#android.intent.action.MAIN+android.intent.category.LAUNCHER
ADDED from src/main/AndroidManifest.xml:17:13-21:29
action#android.intent.action.MAIN
ADDED from src/main/AndroidManifest.xml:18:17-68
	android:name
		ADDED from src/main/AndroidManifest.xml:18:25-66
category#android.intent.category.LAUNCHER
ADDED from src/main/AndroidManifest.xml:20:17-76
	android:name
		ADDED from src/main/AndroidManifest.xml:20:27-74
meta-data#packageTo2
ADDED from src/main/AndroidManifest.xml:23:9-104
	android:value
		ADDED from src/main/AndroidManifest.xml:23:46-91
	android:name
		ADDED from src/main/AndroidManifest.xml:23:20-45
uses-sdk
INJECTED from src/main/AndroidManifest.xml reason: use-sdk injection requested
MERGED from [com.segway.robot:robot-connectivity-sdk:0.5.18] AndroidManifest.xml:7:5-9:41
MERGED from [com.segway.robot:base-connectivity-sdk:0.5.18] AndroidManifest.xml:7:5-9:41
MERGED from [com.android.support:support-v4:22.1.1] AndroidManifest.xml:20:5-43
MERGED from [com.segway.robot:headsdk:0.6.30] AndroidManifest.xml:7:5-9:41
MERGED from [com.segway.robot:visionsdk:0.6.30] AndroidManifest.xml:7:5-9:41
MERGED from [com.segway.robot:basesdk:0.6.30] AndroidManifest.xml:7:5-9:41
MERGED from [com.segway.robot:basic-class:0.5.38] AndroidManifest.xml:7:5-9:41
MERGED from [com.segway.robot:sdkbase:0.1.39] AndroidManifest.xml:7:5-9:41
MERGED from [com.embarkmobile:zxing-android-minimal:2.0.0] AndroidManifest.xml:24:3-70
MERGED from [com.embarkmobile:zxing-android-integration:2.0.0] AndroidManifest.xml:2:5-72
	android:targetSdkVersion
		INJECTED from src/main/AndroidManifest.xml
		INJECTED from src/main/AndroidManifest.xml
	android:minSdkVersion
		INJECTED from src/main/AndroidManifest.xml
		INJECTED from src/main/AndroidManifest.xml
uses-permission#android.permission.READ_EXTERNAL_STORAGE
ADDED from [com.segway.robot:base-connectivity-sdk:0.5.18] AndroidManifest.xml:11:5-80
	android:name
		ADDED from [com.segway.robot:base-connectivity-sdk:0.5.18] AndroidManifest.xml:11:22-77
uses-permission#android.permission.WRITE_EXTERNAL_STORAGE
ADDED from [com.segway.robot:base-connectivity-sdk:0.5.18] AndroidManifest.xml:12:5-81
MERGED from [com.segway.robot:sdkbase:0.1.39] AndroidManifest.xml:11:5-81
	android:name
		ADDED from [com.segway.robot:base-connectivity-sdk:0.5.18] AndroidManifest.xml:12:22-78
uses-feature#android.hardware.camera
ADDED from [com.segway.robot:visionsdk:0.6.30] AndroidManifest.xml:11:5-60
MERGED from [com.embarkmobile:zxing-android-minimal:2.0.0] AndroidManifest.xml:27:3-82
	android:name
		ADDED from [com.segway.robot:visionsdk:0.6.30] AndroidManifest.xml:11:19-57
uses-permission#android.permission.CAMERA
ADDED from [com.segway.robot:visionsdk:0.6.30] AndroidManifest.xml:13:5-65
MERGED from [com.embarkmobile:zxing-android-minimal:2.0.0] AndroidManifest.xml:19:3-62
	android:name
		ADDED from [com.segway.robot:visionsdk:0.6.30] AndroidManifest.xml:13:22-62
uses-permission#android.permission.VIBRATE
ADDED from [com.embarkmobile:zxing-android-minimal:2.0.0] AndroidManifest.xml:20:3-63
	android:name
		ADDED from [com.embarkmobile:zxing-android-minimal:2.0.0] AndroidManifest.xml:20:20-61
uses-permission#android.permission.FLASHLIGHT
ADDED from [com.embarkmobile:zxing-android-minimal:2.0.0] AndroidManifest.xml:21:3-66
	android:name
		ADDED from [com.embarkmobile:zxing-android-minimal:2.0.0] AndroidManifest.xml:21:20-64
uses-feature#android.hardware.camera.front
ADDED from [com.embarkmobile:zxing-android-minimal:2.0.0] AndroidManifest.xml:28:3-88
	android:required
		ADDED from [com.embarkmobile:zxing-android-minimal:2.0.0] AndroidManifest.xml:28:62-86
	android:name
		ADDED from [com.embarkmobile:zxing-android-minimal:2.0.0] AndroidManifest.xml:28:17-61
uses-feature#android.hardware.camera.autofocus
ADDED from [com.embarkmobile:zxing-android-minimal:2.0.0] AndroidManifest.xml:31:3-92
	android:required
		ADDED from [com.embarkmobile:zxing-android-minimal:2.0.0] AndroidManifest.xml:31:66-90
	android:name
		ADDED from [com.embarkmobile:zxing-android-minimal:2.0.0] AndroidManifest.xml:31:17-65
uses-feature#android.hardware.camera.flash
ADDED from [com.embarkmobile:zxing-android-minimal:2.0.0] AndroidManifest.xml:32:3-88
	android:required
		ADDED from [com.embarkmobile:zxing-android-minimal:2.0.0] AndroidManifest.xml:32:62-86
	android:name
		ADDED from [com.embarkmobile:zxing-android-minimal:2.0.0] AndroidManifest.xml:32:17-61
uses-feature#android.hardware.screen.landscape
ADDED from [com.embarkmobile:zxing-android-minimal:2.0.0] AndroidManifest.xml:33:3-93
	android:required
		ADDED from [com.embarkmobile:zxing-android-minimal:2.0.0] AndroidManifest.xml:33:66-90
	android:name
		ADDED from [com.embarkmobile:zxing-android-minimal:2.0.0] AndroidManifest.xml:33:17-65
uses-feature#android.hardware.wifi
ADDED from [com.embarkmobile:zxing-android-minimal:2.0.0] AndroidManifest.xml:34:3-80
	android:required
		ADDED from [com.embarkmobile:zxing-android-minimal:2.0.0] AndroidManifest.xml:34:54-78
	android:name
		ADDED from [com.embarkmobile:zxing-android-minimal:2.0.0] AndroidManifest.xml:34:17-53
supports-screens
ADDED from [com.embarkmobile:zxing-android-minimal:2.0.0] AndroidManifest.xml:38:3-42:48
	android:largeScreens
		ADDED from [com.embarkmobile:zxing-android-minimal:2.0.0] AndroidManifest.xml:39:21-48
	android:smallScreens
		ADDED from [com.embarkmobile:zxing-android-minimal:2.0.0] AndroidManifest.xml:41:21-48
	android:normalScreens
		ADDED from [com.embarkmobile:zxing-android-minimal:2.0.0] AndroidManifest.xml:40:21-49
	android:xlargeScreens
		ADDED from [com.embarkmobile:zxing-android-minimal:2.0.0] AndroidManifest.xml:38:21-49
	android:anyDensity
		ADDED from [com.embarkmobile:zxing-android-minimal:2.0.0] AndroidManifest.xml:42:21-46
activity#com.google.zxing.client.android.CaptureActivity
ADDED from [com.embarkmobile:zxing-android-minimal:2.0.0] AndroidManifest.xml:45:7-50:66
	android:clearTaskOnLaunch
		ADDED from [com.embarkmobile:zxing-android-minimal:2.0.0] AndroidManifest.xml:46:17-49
	android:screenOrientation
		ADDED from [com.embarkmobile:zxing-android-minimal:2.0.0] AndroidManifest.xml:47:17-60
	android:stateNotNeeded
		ADDED from [com.embarkmobile:zxing-android-minimal:2.0.0] AndroidManifest.xml:48:17-46
	android:windowSoftInputMode
		ADDED from [com.embarkmobile:zxing-android-minimal:2.0.0] AndroidManifest.xml:50:17-64
	android:theme
		ADDED from [com.embarkmobile:zxing-android-minimal:2.0.0] AndroidManifest.xml:49:17-58
	android:name
		ADDED from [com.embarkmobile:zxing-android-minimal:2.0.0] AndroidManifest.xml:45:17-79
activity#com.google.zxing.client.android.HelpActivity
ADDED from [com.embarkmobile:zxing-android-minimal:2.0.0] AndroidManifest.xml:51:7-54:48
	android:screenOrientation
		ADDED from [com.embarkmobile:zxing-android-minimal:2.0.0] AndroidManifest.xml:53:17-49
	android:label
		ADDED from [com.embarkmobile:zxing-android-minimal:2.0.0] AndroidManifest.xml:52:17-56
	android:stateNotNeeded
		ADDED from [com.embarkmobile:zxing-android-minimal:2.0.0] AndroidManifest.xml:54:17-46
	android:name
		ADDED from [com.embarkmobile:zxing-android-minimal:2.0.0] AndroidManifest.xml:51:17-76
activity#com.google.zxing.client.android.encode.EncodeActivity
ADDED from [com.embarkmobile:zxing-android-minimal:2.0.0] AndroidManifest.xml:55:7-56:51
	android:screenOrientation
		ADDED from [com.embarkmobile:zxing-android-minimal:2.0.0] AndroidManifest.xml:56:17-49
	android:name
		ADDED from [com.embarkmobile:zxing-android-minimal:2.0.0] AndroidManifest.xml:55:17-85